Analysis & Synthesis report for ProjetoSD
Fri Feb 10 10:57:21 2023
Quartus Prime Version 20.1.1 Build 720 11/11/2020 SJ Lite Edition


---------------------
; Table of Contents ;
---------------------
  1. Legal Notice
  2. Analysis & Synthesis Summary
  3. Analysis & Synthesis Settings
  4. Parallel Compilation
  5. Analysis & Synthesis Source Files Read
  6. Analysis & Synthesis Resource Usage Summary
  7. Analysis & Synthesis Resource Utilization by Entity
  8. General Register Statistics
  9. Post-Synthesis Netlist Statistics for Top Partition
 10. Elapsed Time Per Partition
 11. Analysis & Synthesis Messages



----------------
; Legal Notice ;
----------------
Copyright (C) 2020  Intel Corporation. All rights reserved.
Your use of Intel Corporation's design tools, logic functions 
and other software and tools, and any partner logic 
functions, and any output files from any of the foregoing 
(including device programming or simulation files), and any 
associated documentation or information are expressly subject 
to the terms and conditions of the Intel Program License 
Subscription Agreement, the Intel Quartus Prime License Agreement,
the Intel FPGA IP License Agreement, or other applicable license
agreement, including, without limitation, that your use is for
the sole purpose of programming logic devices manufactured by
Intel and sold by Intel or its authorized distributors.  Please
refer to the applicable agreement for further details, at
https://fpgasoftware.intel.com/eula.



+----------------------------------------------------------------------------------+
; Analysis & Synthesis Summary                                                     ;
+------------------------------------+---------------------------------------------+
; Analysis & Synthesis Status        ; Successful - Fri Feb 10 10:57:21 2023       ;
; Quartus Prime Version              ; 20.1.1 Build 720 11/11/2020 SJ Lite Edition ;
; Revision Name                      ; ProjetoSD                                   ;
; Top-level Entity Name              ; projFinal                                   ;
; Family                             ; Cyclone IV E                                ;
; Total logic elements               ; 155                                         ;
;     Total combinational functions  ; 155                                         ;
;     Dedicated logic registers      ; 0                                           ;
; Total registers                    ; 0                                           ;
; Total pins                         ; 54                                          ;
; Total virtual pins                 ; 0                                           ;
; Total memory bits                  ; 0                                           ;
; Embedded Multiplier 9-bit elements ; 0                                           ;
; Total PLLs                         ; 0                                           ;
+------------------------------------+---------------------------------------------+


+------------------------------------------------------------------------------------------------------------+
; Analysis & Synthesis Settings                                                                              ;
+------------------------------------------------------------------+--------------------+--------------------+
; Option                                                           ; Setting            ; Default Value      ;
+------------------------------------------------------------------+--------------------+--------------------+
; Device                                                           ; EP4CE115F29C7      ;                    ;
; Top-level entity name                                            ; projFinal          ; ProjetoSD          ;
; Family name                                                      ; Cyclone IV E       ; Cyclone V          ;
; Use smart compilation                                            ; Off                ; Off                ;
; Enable parallel Assembler and Timing Analyzer during compilation ; On                 ; On                 ;
; Enable compact report table                                      ; Off                ; Off                ;
; Restructure Multiplexers                                         ; Auto               ; Auto               ;
; Create Debugging Nodes for IP Cores                              ; Off                ; Off                ;
; Preserve fewer node names                                        ; On                 ; On                 ;
; Intel FPGA IP Evaluation Mode                                    ; Enable             ; Enable             ;
; Verilog Version                                                  ; Verilog_2001       ; Verilog_2001       ;
; VHDL Version                                                     ; VHDL_1993          ; VHDL_1993          ;
; State Machine Processing                                         ; Auto               ; Auto               ;
; Safe State Machine                                               ; Off                ; Off                ;
; Extract Verilog State Machines                                   ; On                 ; On                 ;
; Extract VHDL State Machines                                      ; On                 ; On                 ;
; Ignore Verilog initial constructs                                ; Off                ; Off                ;
; Iteration limit for constant Verilog loops                       ; 5000               ; 5000               ;
; Iteration limit for non-constant Verilog loops                   ; 250                ; 250                ;
; Add Pass-Through Logic to Inferred RAMs                          ; On                 ; On                 ;
; Infer RAMs from Raw Logic                                        ; On                 ; On                 ;
; Parallel Synthesis                                               ; On                 ; On                 ;
; DSP Block Balancing                                              ; Auto               ; Auto               ;
; NOT Gate Push-Back                                               ; On                 ; On                 ;
; Power-Up Don't Care                                              ; On                 ; On                 ;
; Remove Redundant Logic Cells                                     ; Off                ; Off                ;
; Remove Duplicate Registers                                       ; On                 ; On                 ;
; Ignore CARRY Buffers                                             ; Off                ; Off                ;
; Ignore CASCADE Buffers                                           ; Off                ; Off                ;
; Ignore GLOBAL Buffers                                            ; Off                ; Off                ;
; Ignore ROW GLOBAL Buffers                                        ; Off                ; Off                ;
; Ignore LCELL Buffers                                             ; Off                ; Off                ;
; Ignore SOFT Buffers                                              ; On                 ; On                 ;
; Limit AHDL Integers to 32 Bits                                   ; Off                ; Off                ;
; Optimization Technique                                           ; Balanced           ; Balanced           ;
; Carry Chain Length                                               ; 70                 ; 70                 ;
; Auto Carry Chains                                                ; On                 ; On                 ;
; Auto Open-Drain Pins                                             ; On                 ; On                 ;
; Perform WYSIWYG Primitive Resynthesis                            ; Off                ; Off                ;
; Auto ROM Replacement                                             ; On                 ; On                 ;
; Auto RAM Replacement                                             ; On                 ; On                 ;
; Auto DSP Block Replacement                                       ; On                 ; On                 ;
; Auto Shift Register Replacement                                  ; Auto               ; Auto               ;
; Allow Shift Register Merging across Hierarchies                  ; Auto               ; Auto               ;
; Auto Clock Enable Replacement                                    ; On                 ; On                 ;
; Strict RAM Replacement                                           ; Off                ; Off                ;
; Allow Synchronous Control Signals                                ; On                 ; On                 ;
; Force Use of Synchronous Clear Signals                           ; Off                ; Off                ;
; Auto RAM Block Balancing                                         ; On                 ; On                 ;
; Auto RAM to Logic Cell Conversion                                ; Off                ; Off                ;
; Auto Resource Sharing                                            ; Off                ; Off                ;
; Allow Any RAM Size For Recognition                               ; Off                ; Off                ;
; Allow Any ROM Size For Recognition                               ; Off                ; Off                ;
; Allow Any Shift Register Size For Recognition                    ; Off                ; Off                ;
; Use LogicLock Constraints during Resource Balancing              ; On                 ; On                 ;
; Ignore translate_off and synthesis_off directives                ; Off                ; Off                ;
; Timing-Driven Synthesis                                          ; On                 ; On                 ;
; Report Parameter Settings                                        ; On                 ; On                 ;
; Report Source Assignments                                        ; On                 ; On                 ;
; Report Connectivity Checks                                       ; On                 ; On                 ;
; Ignore Maximum Fan-Out Assignments                               ; Off                ; Off                ;
; Synchronization Register Chain Length                            ; 2                  ; 2                  ;
; Power Optimization During Synthesis                              ; Normal compilation ; Normal compilation ;
; HDL message level                                                ; Level2             ; Level2             ;
; Suppress Register Optimization Related Messages                  ; Off                ; Off                ;
; Number of Removed Registers Reported in Synthesis Report         ; 5000               ; 5000               ;
; Number of Swept Nodes Reported in Synthesis Report               ; 5000               ; 5000               ;
; Number of Inverted Registers Reported in Synthesis Report        ; 100                ; 100                ;
; Clock MUX Protection                                             ; On                 ; On                 ;
; Auto Gated Clock Conversion                                      ; Off                ; Off                ;
; Block Design Naming                                              ; Auto               ; Auto               ;
; SDC constraint protection                                        ; Off                ; Off                ;
; Synthesis Effort                                                 ; Auto               ; Auto               ;
; Shift Register Replacement - Allow Asynchronous Clear Signal     ; On                 ; On                 ;
; Pre-Mapping Resynthesis Optimization                             ; Off                ; Off                ;
; Analysis & Synthesis Message Level                               ; Medium             ; Medium             ;
; Disable Register Merging Across Hierarchies                      ; Auto               ; Auto               ;
; Resource Aware Inference For Block RAM                           ; On                 ; On                 ;
+------------------------------------------------------------------+--------------------+--------------------+


+------------------------------------------+
; Parallel Compilation                     ;
+----------------------------+-------------+
; Processors                 ; Number      ;
+----------------------------+-------------+
; Number detected on machine ; 4           ;
; Maximum allowed            ; 4           ;
;                            ;             ;
; Average used               ; 1.00        ;
; Maximum used               ; 1           ;
;                            ;             ;
; Usage by Processor         ; % Time Used ;
;     Processor 1            ; 100.0%      ;
+----------------------------+-------------+


+---------------------------------------------------------------------------------------------------------------------------------------------------------------------------------------------+
; Analysis & Synthesis Source Files Read                                                                                                                                                      ;
+--------------------------------------------+-----------------+------------------------------------+-------------------------------------------------------------------------------+---------+
; File Name with User-Entered Path           ; Used in Netlist ; File Type                          ; File Name with Absolute Path                                                  ; Library ;
+--------------------------------------------+-----------------+------------------------------------+-------------------------------------------------------------------------------+---------+
; Blocos/DecodificadorAB.bdf                 ; yes             ; User Block Diagram/Schematic File  ; D:/Users/bvcl2/Downloads/ProjetoSD/Blocos/DecodificadorAB.bdf                 ;         ;
; Blocos/Decodificador.bdf                   ; yes             ; User Block Diagram/Schematic File  ; D:/Users/bvcl2/Downloads/ProjetoSD/Blocos/Decodificador.bdf                   ;         ;
; Blocos/projFinal.bdf                       ; yes             ; User Block Diagram/Schematic File  ; D:/Users/bvcl2/Downloads/ProjetoSD/Blocos/projFinal.bdf                       ;         ;
; Blocos/TransformaVetorDe4Para5Bits.bdf     ; yes             ; User Block Diagram/Schematic File  ; D:/Users/bvcl2/Downloads/ProjetoSD/Blocos/TransformaVetorDe4Para5Bits.bdf     ;         ;
; Blocos/SubtratorCompleto.bdf               ; yes             ; User Block Diagram/Schematic File  ; D:/Users/bvcl2/Downloads/ProjetoSD/Blocos/SubtratorCompleto.bdf               ;         ;
; Blocos/SomaUmBit.bdf                       ; yes             ; User Block Diagram/Schematic File  ; D:/Users/bvcl2/Downloads/ProjetoSD/Blocos/SomaUmBit.bdf                       ;         ;
; Blocos/SomaBitsComSinalComp.bdf            ; yes             ; User Block Diagram/Schematic File  ; D:/Users/bvcl2/Downloads/ProjetoSD/Blocos/SomaBitsComSinalComp.bdf            ;         ;
; Blocos/NegadorDeSinalPara5Bits.bdf         ; yes             ; User Block Diagram/Schematic File  ; D:/Users/bvcl2/Downloads/ProjetoSD/Blocos/NegadorDeSinalPara5Bits.bdf         ;         ;
; Blocos/MuxParaCompOuBin.bdf                ; yes             ; User Block Diagram/Schematic File  ; D:/Users/bvcl2/Downloads/ProjetoSD/Blocos/MuxParaCompOuBin.bdf                ;         ;
; Blocos/menorModulo.bdf                     ; yes             ; User Block Diagram/Schematic File  ; D:/Users/bvcl2/Downloads/ProjetoSD/Blocos/menorModulo.bdf                     ;         ;
; Blocos/menor.bdf                           ; yes             ; User Block Diagram/Schematic File  ; D:/Users/bvcl2/Downloads/ProjetoSD/Blocos/menor.bdf                           ;         ;
; Blocos/maiorModulo.bdf                     ; yes             ; User Block Diagram/Schematic File  ; D:/Users/bvcl2/Downloads/ProjetoSD/Blocos/maiorModulo.bdf                     ;         ;
; Blocos/maior.bdf                           ; yes             ; User Block Diagram/Schematic File  ; D:/Users/bvcl2/Downloads/ProjetoSD/Blocos/maior.bdf                           ;         ;
; Blocos/isZero.bdf                          ; yes             ; User Block Diagram/Schematic File  ; D:/Users/bvcl2/Downloads/ProjetoSD/Blocos/isZero.bdf                          ;         ;
; Blocos/igual.bdf                           ; yes             ; User Block Diagram/Schematic File  ; D:/Users/bvcl2/Downloads/ProjetoSD/Blocos/igual.bdf                           ;         ;
; Blocos/Complemento2Para5Bits.bdf           ; yes             ; User Block Diagram/Schematic File  ; D:/Users/bvcl2/Downloads/ProjetoSD/Blocos/Complemento2Para5Bits.bdf           ;         ;
; Blocos/Complemento2DeB.bdf                 ; yes             ; User Block Diagram/Schematic File  ; D:/Users/bvcl2/Downloads/ProjetoSD/Blocos/Complemento2DeB.bdf                 ;         ;
; Blocos/comparadorBasico.bdf                ; yes             ; User Block Diagram/Schematic File  ; D:/Users/bvcl2/Downloads/ProjetoSD/Blocos/comparadorBasico.bdf                ;         ;
; Blocos/AnalisadorDoZeroPara4BitsESinal.bdf ; yes             ; User Block Diagram/Schematic File  ; D:/Users/bvcl2/Downloads/ProjetoSD/Blocos/AnalisadorDoZeroPara4BitsESinal.bdf ;         ;
; Blocos/A_xor_B.bdf                         ; yes             ; User Block Diagram/Schematic File  ; D:/Users/bvcl2/Downloads/ProjetoSD/Blocos/A_xor_B.bdf                         ;         ;
; Blocos/A_and_B.bdf                         ; yes             ; User Block Diagram/Schematic File  ; D:/Users/bvcl2/Downloads/ProjetoSD/Blocos/A_and_B.bdf                         ;         ;
; Blocos/SomadorCompleto.bdf                 ; yes             ; User Block Diagram/Schematic File  ; D:/Users/bvcl2/Downloads/ProjetoSD/Blocos/SomadorCompleto.bdf                 ;         ;
; Blocos/projBase.bdf                        ; yes             ; User Block Diagram/Schematic File  ; D:/Users/bvcl2/Downloads/ProjetoSD/Blocos/projBase.bdf                        ;         ;
; Blocos/projBase2.bdf                       ; yes             ; User Block Diagram/Schematic File  ; D:/Users/bvcl2/Downloads/ProjetoSD/Blocos/projBase2.bdf                       ;         ;
+--------------------------------------------+-----------------+------------------------------------+-------------------------------------------------------------------------------+---------+


+-----------------------------------------------------------------+
; Analysis & Synthesis Resource Usage Summary                     ;
+---------------------------------------------+-------------------+
; Resource                                    ; Usage             ;
+---------------------------------------------+-------------------+
; Estimated Total logic elements              ; 155               ;
;                                             ;                   ;
; Total combinational functions               ; 155               ;
; Logic element usage by number of LUT inputs ;                   ;
;     -- 4 input functions                    ; 117               ;
;     -- 3 input functions                    ; 24                ;
;     -- <=2 input functions                  ; 14                ;
;                                             ;                   ;
; Logic elements by mode                      ;                   ;
;     -- normal mode                          ; 155               ;
;     -- arithmetic mode                      ; 0                 ;
;                                             ;                   ;
; Total registers                             ; 0                 ;
;     -- Dedicated logic registers            ; 0                 ;
;     -- I/O registers                        ; 0                 ;
;                                             ;                   ;
; I/O pins                                    ; 54                ;
;                                             ;                   ;
; Embedded Multiplier 9-bit elements          ; 0                 ;
;                                             ;                   ;
; Maximum fan-out node                        ; vectorrB[0]~input ;
; Maximum fan-out                             ; 24                ;
; Total fan-out                               ; 663               ;
; Average fan-out                             ; 2.52              ;
+---------------------------------------------+-------------------+


+--------------------------------------------------------------------------------------------------------------------------------------------------------------------------------------------------------------------------------------------------------------------------------------------------------------------------------------------------------------------------+
; Analysis & Synthesis Resource Utilization by Entity                                                                                                                                                                                                                                                                                                                      ;
+--------------------------------------------------------+---------------------+---------------------------+-------------+--------------+---------+-----------+------+--------------+-------------------------------------------------------------------------------------------------------------------------------------+---------------------------------+--------------+
; Compilation Hierarchy Node                             ; Combinational ALUTs ; Dedicated Logic Registers ; Memory Bits ; DSP Elements ; DSP 9x9 ; DSP 18x18 ; Pins ; Virtual Pins ; Full Hierarchy Name                                                                                                                 ; Entity Name                     ; Library Name ;
+--------------------------------------------------------+---------------------+---------------------------+-------------+--------------+---------+-----------+------+--------------+-------------------------------------------------------------------------------------------------------------------------------------+---------------------------------+--------------+
; |projFinal                                             ; 155 (1)             ; 0 (0)                     ; 0           ; 0            ; 0       ; 0         ; 54   ; 0            ; |projFinal                                                                                                                          ; projFinal                       ; work         ;
;    |Decodificador:inst6|                               ; 29 (29)             ; 0 (0)                     ; 0           ; 0            ; 0       ; 0         ; 0    ; 0            ; |projFinal|Decodificador:inst6                                                                                                      ; Decodificador                   ; work         ;
;    |DecodificadorAB:inst7|                             ; 9 (9)               ; 0 (0)                     ; 0           ; 0            ; 0       ; 0         ; 0    ; 0            ; |projFinal|DecodificadorAB:inst7                                                                                                    ; DecodificadorAB                 ; work         ;
;    |DecodificadorAB:inst8|                             ; 9 (9)               ; 0 (0)                     ; 0           ; 0            ; 0       ; 0         ; 0    ; 0            ; |projFinal|DecodificadorAB:inst8                                                                                                    ; DecodificadorAB                 ; work         ;
;    |projBase2:inst|                                    ; 107 (48)            ; 0 (0)                     ; 0           ; 0            ; 0       ; 0         ; 0    ; 0            ; |projFinal|projBase2:inst                                                                                                           ; projBase2                       ; work         ;
;       |projBase:inst27|                                ; 59 (0)              ; 0 (0)                     ; 0           ; 0            ; 0       ; 0         ; 0    ; 0            ; |projFinal|projBase2:inst|projBase:inst27                                                                                           ; projBase                        ; work         ;
;          |Complemento2DeB:inst3|                       ; 3 (0)               ; 0 (0)                     ; 0           ; 0            ; 0       ; 0         ; 0    ; 0            ; |projFinal|projBase2:inst|projBase:inst27|Complemento2DeB:inst3                                                                     ; Complemento2DeB                 ; work         ;
;             |AnalisadorDoZeroPara4BitsESinal:inst7|    ; 1 (1)               ; 0 (0)                     ; 0           ; 0            ; 0       ; 0         ; 0    ; 0            ; |projFinal|projBase2:inst|projBase:inst27|Complemento2DeB:inst3|AnalisadorDoZeroPara4BitsESinal:inst7                               ; AnalisadorDoZeroPara4BitsESinal ; work         ;
;             |Complemento2Para5Bits:inst3|              ; 2 (0)               ; 0 (0)                     ; 0           ; 0            ; 0       ; 0         ; 0    ; 0            ; |projFinal|projBase2:inst|projBase:inst27|Complemento2DeB:inst3|Complemento2Para5Bits:inst3                                         ; Complemento2Para5Bits           ; work         ;
;                |SomaUmBit:inst13|                      ; 1 (1)               ; 0 (0)                     ; 0           ; 0            ; 0       ; 0         ; 0    ; 0            ; |projFinal|projBase2:inst|projBase:inst27|Complemento2DeB:inst3|Complemento2Para5Bits:inst3|SomaUmBit:inst13                        ; SomaUmBit                       ; work         ;
;                |SomaUmBit:inst6|                       ; 1 (1)               ; 0 (0)                     ; 0           ; 0            ; 0       ; 0         ; 0    ; 0            ; |projFinal|projBase2:inst|projBase:inst27|Complemento2DeB:inst3|Complemento2Para5Bits:inst3|SomaUmBit:inst6                         ; SomaUmBit                       ; work         ;
;          |SomadorCompleto:inst1|                       ; 21 (0)              ; 0 (0)                     ; 0           ; 0            ; 0       ; 0         ; 0    ; 0            ; |projFinal|projBase2:inst|projBase:inst27|SomadorCompleto:inst1                                                                     ; SomadorCompleto                 ; work         ;
;             |Complemento2Para5Bits:inst11|             ; 1 (0)               ; 0 (0)                     ; 0           ; 0            ; 0       ; 0         ; 0    ; 0            ; |projFinal|projBase2:inst|projBase:inst27|SomadorCompleto:inst1|Complemento2Para5Bits:inst11                                        ; Complemento2Para5Bits           ; work         ;
;                |SomaUmBit:inst13|                      ; 1 (1)               ; 0 (0)                     ; 0           ; 0            ; 0       ; 0         ; 0    ; 0            ; |projFinal|projBase2:inst|projBase:inst27|SomadorCompleto:inst1|Complemento2Para5Bits:inst11|SomaUmBit:inst13                       ; SomaUmBit                       ; work         ;
;             |Complemento2Para5Bits:inst13|             ; 2 (0)               ; 0 (0)                     ; 0           ; 0            ; 0       ; 0         ; 0    ; 0            ; |projFinal|projBase2:inst|projBase:inst27|SomadorCompleto:inst1|Complemento2Para5Bits:inst13                                        ; Complemento2Para5Bits           ; work         ;
;                |SomaUmBit:inst13|                      ; 1 (1)               ; 0 (0)                     ; 0           ; 0            ; 0       ; 0         ; 0    ; 0            ; |projFinal|projBase2:inst|projBase:inst27|SomadorCompleto:inst1|Complemento2Para5Bits:inst13|SomaUmBit:inst13                       ; SomaUmBit                       ; work         ;
;                |SomaUmBit:inst7|                       ; 1 (1)               ; 0 (0)                     ; 0           ; 0            ; 0       ; 0         ; 0    ; 0            ; |projFinal|projBase2:inst|projBase:inst27|SomadorCompleto:inst1|Complemento2Para5Bits:inst13|SomaUmBit:inst7                        ; SomaUmBit                       ; work         ;
;             |MuxParaCompOuBin:inst3|                   ; 4 (4)               ; 0 (0)                     ; 0           ; 0            ; 0       ; 0         ; 0    ; 0            ; |projFinal|projBase2:inst|projBase:inst27|SomadorCompleto:inst1|MuxParaCompOuBin:inst3                                              ; MuxParaCompOuBin                ; work         ;
;             |MuxParaCompOuBin:inst6|                   ; 6 (6)               ; 0 (0)                     ; 0           ; 0            ; 0       ; 0         ; 0    ; 0            ; |projFinal|projBase2:inst|projBase:inst27|SomadorCompleto:inst1|MuxParaCompOuBin:inst6                                              ; MuxParaCompOuBin                ; work         ;
;             |SomaBitsComSinalComp:inst|                ; 8 (0)               ; 0 (0)                     ; 0           ; 0            ; 0       ; 0         ; 0    ; 0            ; |projFinal|projBase2:inst|projBase:inst27|SomadorCompleto:inst1|SomaBitsComSinalComp:inst                                           ; SomaBitsComSinalComp            ; work         ;
;                |SomaUmBit:SomaBit1|                    ; 2 (2)               ; 0 (0)                     ; 0           ; 0            ; 0       ; 0         ; 0    ; 0            ; |projFinal|projBase2:inst|projBase:inst27|SomadorCompleto:inst1|SomaBitsComSinalComp:inst|SomaUmBit:SomaBit1                        ; SomaUmBit                       ; work         ;
;                |SomaUmBit:SomaBit2|                    ; 2 (2)               ; 0 (0)                     ; 0           ; 0            ; 0       ; 0         ; 0    ; 0            ; |projFinal|projBase2:inst|projBase:inst27|SomadorCompleto:inst1|SomaBitsComSinalComp:inst|SomaUmBit:SomaBit2                        ; SomaUmBit                       ; work         ;
;                |SomaUmBit:SomaBit3|                    ; 2 (2)               ; 0 (0)                     ; 0           ; 0            ; 0       ; 0         ; 0    ; 0            ; |projFinal|projBase2:inst|projBase:inst27|SomadorCompleto:inst1|SomaBitsComSinalComp:inst|SomaUmBit:SomaBit3                        ; SomaUmBit                       ; work         ;
;                |SomaUmBit:SomaBit4|                    ; 1 (1)               ; 0 (0)                     ; 0           ; 0            ; 0       ; 0         ; 0    ; 0            ; |projFinal|projBase2:inst|projBase:inst27|SomadorCompleto:inst1|SomaBitsComSinalComp:inst|SomaUmBit:SomaBit4                        ; SomaUmBit                       ; work         ;
;                |SomaUmBit:SomaBit5|                    ; 1 (1)               ; 0 (0)                     ; 0           ; 0            ; 0       ; 0         ; 0    ; 0            ; |projFinal|projBase2:inst|projBase:inst27|SomadorCompleto:inst1|SomaBitsComSinalComp:inst|SomaUmBit:SomaBit5                        ; SomaUmBit                       ; work         ;
;          |SubtratorCompleto:inst2|                     ; 21 (0)              ; 0 (0)                     ; 0           ; 0            ; 0       ; 0         ; 0    ; 0            ; |projFinal|projBase2:inst|projBase:inst27|SubtratorCompleto:inst2                                                                   ; SubtratorCompleto               ; work         ;
;             |AnalisadorDoZeroPara4BitsESinal:inst2|    ; 1 (1)               ; 0 (0)                     ; 0           ; 0            ; 0       ; 0         ; 0    ; 0            ; |projFinal|projBase2:inst|projBase:inst27|SubtratorCompleto:inst2|AnalisadorDoZeroPara4BitsESinal:inst2                             ; AnalisadorDoZeroPara4BitsESinal ; work         ;
;             |SomadorCompleto:inst|                     ; 20 (0)              ; 0 (0)                     ; 0           ; 0            ; 0       ; 0         ; 0    ; 0            ; |projFinal|projBase2:inst|projBase:inst27|SubtratorCompleto:inst2|SomadorCompleto:inst                                              ; SomadorCompleto                 ; work         ;
;                |AnalisadorDoZeroPara4BitsESinal:inst7| ; 1 (1)               ; 0 (0)                     ; 0           ; 0            ; 0       ; 0         ; 0    ; 0            ; |projFinal|projBase2:inst|projBase:inst27|SubtratorCompleto:inst2|SomadorCompleto:inst|AnalisadorDoZeroPara4BitsESinal:inst7        ; AnalisadorDoZeroPara4BitsESinal ; work         ;
;                |MuxParaCompOuBin:inst3|                ; 3 (3)               ; 0 (0)                     ; 0           ; 0            ; 0       ; 0         ; 0    ; 0            ; |projFinal|projBase2:inst|projBase:inst27|SubtratorCompleto:inst2|SomadorCompleto:inst|MuxParaCompOuBin:inst3                       ; MuxParaCompOuBin                ; work         ;
;                |MuxParaCompOuBin:inst6|                ; 6 (6)               ; 0 (0)                     ; 0           ; 0            ; 0       ; 0         ; 0    ; 0            ; |projFinal|projBase2:inst|projBase:inst27|SubtratorCompleto:inst2|SomadorCompleto:inst|MuxParaCompOuBin:inst6                       ; MuxParaCompOuBin                ; work         ;
;                |SomaBitsComSinalComp:inst|             ; 10 (0)              ; 0 (0)                     ; 0           ; 0            ; 0       ; 0         ; 0    ; 0            ; |projFinal|projBase2:inst|projBase:inst27|SubtratorCompleto:inst2|SomadorCompleto:inst|SomaBitsComSinalComp:inst                    ; SomaBitsComSinalComp            ; work         ;
;                   |SomaUmBit:SomaBit0|                 ; 2 (2)               ; 0 (0)                     ; 0           ; 0            ; 0       ; 0         ; 0    ; 0            ; |projFinal|projBase2:inst|projBase:inst27|SubtratorCompleto:inst2|SomadorCompleto:inst|SomaBitsComSinalComp:inst|SomaUmBit:SomaBit0 ; SomaUmBit                       ; work         ;
;                   |SomaUmBit:SomaBit1|                 ; 2 (2)               ; 0 (0)                     ; 0           ; 0            ; 0       ; 0         ; 0    ; 0            ; |projFinal|projBase2:inst|projBase:inst27|SubtratorCompleto:inst2|SomadorCompleto:inst|SomaBitsComSinalComp:inst|SomaUmBit:SomaBit1 ; SomaUmBit                       ; work         ;
;                   |SomaUmBit:SomaBit2|                 ; 2 (2)               ; 0 (0)                     ; 0           ; 0            ; 0       ; 0         ; 0    ; 0            ; |projFinal|projBase2:inst|projBase:inst27|SubtratorCompleto:inst2|SomadorCompleto:inst|SomaBitsComSinalComp:inst|SomaUmBit:SomaBit2 ; SomaUmBit                       ; work         ;
;                   |SomaUmBit:SomaBit3|                 ; 2 (2)               ; 0 (0)                     ; 0           ; 0            ; 0       ; 0         ; 0    ; 0            ; |projFinal|projBase2:inst|projBase:inst27|SubtratorCompleto:inst2|SomadorCompleto:inst|SomaBitsComSinalComp:inst|SomaUmBit:SomaBit3 ; SomaUmBit                       ; work         ;
;                   |SomaUmBit:SomaBit4|                 ; 1 (1)               ; 0 (0)                     ; 0           ; 0            ; 0       ; 0         ; 0    ; 0            ; |projFinal|projBase2:inst|projBase:inst27|SubtratorCompleto:inst2|SomadorCompleto:inst|SomaBitsComSinalComp:inst|SomaUmBit:SomaBit4 ; SomaUmBit                       ; work         ;
;                   |SomaUmBit:SomaBit5|                 ; 1 (1)               ; 0 (0)                     ; 0           ; 0            ; 0       ; 0         ; 0    ; 0            ; |projFinal|projBase2:inst|projBase:inst27|SubtratorCompleto:inst2|SomadorCompleto:inst|SomaBitsComSinalComp:inst|SomaUmBit:SomaBit5 ; SomaUmBit                       ; work         ;
;          |maior:inst5|                                 ; 14 (0)              ; 0 (0)                     ; 0           ; 0            ; 0       ; 0         ; 0    ; 0            ; |projFinal|projBase2:inst|projBase:inst27|maior:inst5                                                                               ; maior                           ; work         ;
;             |igual:inst1|                              ; 2 (2)               ; 0 (0)                     ; 0           ; 0            ; 0       ; 0         ; 0    ; 0            ; |projFinal|projBase2:inst|projBase:inst27|maior:inst5|igual:inst1                                                                   ; igual                           ; work         ;
;             |menor:inst|                               ; 12 (7)              ; 0 (0)                     ; 0           ; 0            ; 0       ; 0         ; 0    ; 0            ; |projFinal|projBase2:inst|projBase:inst27|maior:inst5|menor:inst                                                                    ; menor                           ; work         ;
;                |isZero:inst7|                          ; 4 (4)               ; 0 (0)                     ; 0           ; 0            ; 0       ; 0         ; 0    ; 0            ; |projFinal|projBase2:inst|projBase:inst27|maior:inst5|menor:inst|isZero:inst7                                                       ; isZero                          ; work         ;
;                |maiorModulo:inst2|                     ; 1 (0)               ; 0 (0)                     ; 0           ; 0            ; 0       ; 0         ; 0    ; 0            ; |projFinal|projBase2:inst|projBase:inst27|maior:inst5|menor:inst|maiorModulo:inst2                                                  ; maiorModulo                     ; work         ;
;                   |comparadorBasico:inst2|             ; 1 (1)               ; 0 (0)                     ; 0           ; 0            ; 0       ; 0         ; 0    ; 0            ; |projFinal|projBase2:inst|projBase:inst27|maior:inst5|menor:inst|maiorModulo:inst2|comparadorBasico:inst2                           ; comparadorBasico                ; work         ;
+--------------------------------------------------------+---------------------+---------------------------+-------------+--------------+---------+-----------+------+--------------+-------------------------------------------------------------------------------------------------------------------------------------+---------------------------------+--------------+
Note: For table entries with two numbers listed, the numbers in parentheses indicate the number of resources of the given type used by the specific entity alone. The numbers listed outside of parentheses indicate the total resources of the given type used by the specific entity and all of its sub-entities in the hierarchy.


+------------------------------------------------------+
; General Register Statistics                          ;
+----------------------------------------------+-------+
; Statistic                                    ; Value ;
+----------------------------------------------+-------+
; Total registers                              ; 0     ;
; Number of registers using Synchronous Clear  ; 0     ;
; Number of registers using Synchronous Load   ; 0     ;
; Number of registers using Asynchronous Clear ; 0     ;
; Number of registers using Asynchronous Load  ; 0     ;
; Number of registers using Clock Enable       ; 0     ;
; Number of registers using Preset             ; 0     ;
+----------------------------------------------+-------+


+-----------------------------------------------------+
; Post-Synthesis Netlist Statistics for Top Partition ;
+-----------------------+-----------------------------+
; Type                  ; Count                       ;
+-----------------------+-----------------------------+
; boundary_port         ; 54                          ;
; cycloneiii_lcell_comb ; 179                         ;
;     normal            ; 179                         ;
;         1 data inputs ; 24                          ;
;         2 data inputs ; 14                          ;
;         3 data inputs ; 24                          ;
;         4 data inputs ; 117                         ;
;                       ;                             ;
; Max LUT depth         ; 14.00                       ;
; Average LUT depth     ; 9.78                        ;
+-----------------------+-----------------------------+


+-------------------------------+
; Elapsed Time Per Partition    ;
+----------------+--------------+
; Partition Name ; Elapsed Time ;
+----------------+--------------+
; Top            ; 00:00:01     ;
+----------------+--------------+


+-------------------------------+
; Analysis & Synthesis Messages ;
+-------------------------------+
Info: *******************************************************************
Info: Running Quartus Prime Analysis & Synthesis
    Info: Version 20.1.1 Build 720 11/11/2020 SJ Lite Edition
    Info: Processing started: Fri Feb 10 10:57:09 2023
Info: Command: quartus_map --read_settings_files=on --write_settings_files=off ProjetoSD -c ProjetoSD
Warning (18236): Number of processors has not been specified which may cause overloading on shared machines.  Set the global assignment NUM_PARALLEL_PROCESSORS in your QSF to an appropriate value for best performance.
Info (20030): Parallel compilation is enabled and will use 4 of the 4 processors detected
Info (12021): Found 1 design units, including 1 entities, in source file blocos/decodificadorab.bdf
    Info (12023): Found entity 1: DecodificadorAB
Info (12021): Found 1 design units, including 1 entities, in source file blocos/decodificador.bdf
    Info (12023): Found entity 1: Decodificador
Info (12021): Found 1 design units, including 1 entities, in source file blocos/projfinal.bdf
    Info (12023): Found entity 1: projFinal
Info (12021): Found 1 design units, including 1 entities, in source file blocos/transformavetorde4para5bits.bdf
    Info (12023): Found entity 1: TransformaVetorDe4Para5Bits
Info (12021): Found 1 design units, including 1 entities, in source file blocos/subtratorcompleto.bdf
    Info (12023): Found entity 1: SubtratorCompleto
Info (12021): Found 1 design units, including 1 entities, in source file blocos/somaumbit.bdf
    Info (12023): Found entity 1: SomaUmBit
Info (12021): Found 1 design units, including 1 entities, in source file blocos/somabitscomsinalcomp.bdf
    Info (12023): Found entity 1: SomaBitsComSinalComp
Info (12021): Found 1 design units, including 1 entities, in source file blocos/negadordesinalpara5bits.bdf
    Info (12023): Found entity 1: NegadorDeSinalPara5Bits
Info (12021): Found 1 design units, including 1 entities, in source file blocos/muxparacompoubin.bdf
    Info (12023): Found entity 1: MuxParaCompOuBin
Info (12021): Found 1 design units, including 1 entities, in source file blocos/menormodulo.bdf
    Info (12023): Found entity 1: menorModulo
Info (12021): Found 1 design units, including 1 entities, in source file blocos/menor.bdf
    Info (12023): Found entity 1: menor
Info (12021): Found 1 design units, including 1 entities, in source file blocos/maiormodulo.bdf
    Info (12023): Found entity 1: maiorModulo
Info (12021): Found 1 design units, including 1 entities, in source file blocos/maior.bdf
    Info (12023): Found entity 1: maior
Info (12021): Found 1 design units, including 1 entities, in source file blocos/iszero.bdf
    Info (12023): Found entity 1: isZero
Info (12021): Found 1 design units, including 1 entities, in source file blocos/igual.bdf
    Info (12023): Found entity 1: igual
Info (12021): Found 1 design units, including 1 entities, in source file blocos/complemento2para5bits.bdf
    Info (12023): Found entity 1: Complemento2Para5Bits
Info (12021): Found 1 design units, including 1 entities, in source file blocos/complemento2deb.bdf
    Info (12023): Found entity 1: Complemento2DeB
Info (12021): Found 1 design units, including 1 entities, in source file blocos/comparadorbasico.bdf
    Info (12023): Found entity 1: comparadorBasico
Info (12021): Found 1 design units, including 1 entities, in source file blocos/analisadordozeropara4bitsesinal.bdf
    Info (12023): Found entity 1: AnalisadorDoZeroPara4BitsESinal
Info (12021): Found 1 design units, including 1 entities, in source file blocos/a_xor_b.bdf
    Info (12023): Found entity 1: A_xor_B
Info (12021): Found 1 design units, including 1 entities, in source file blocos/a_and_b.bdf
    Info (12023): Found entity 1: A_and_B
Info (12021): Found 1 design units, including 1 entities, in source file blocos/somadorcompleto.bdf
    Info (12023): Found entity 1: SomadorCompleto
Info (12021): Found 1 design units, including 1 entities, in source file blocos/projbase.bdf
    Info (12023): Found entity 1: projBase
Info (12021): Found 1 design units, including 1 entities, in source file blocos/projbase2.bdf
    Info (12023): Found entity 1: projBase2
Info (12127): Elaborating entity "projFinal" for the top level hierarchy
Warning (275085): Found inconsistent dimensions for element "A"
Warning (275085): Found inconsistent dimensions for element "B"
Warning (275080): Converted elements in bus name "A" using legacy naming rules. Make any assignments on the new names, not on the original names.
    Warning (275081): Converted element name(s) from "A[4..0]" to "A4..0"
    Warning (275081): Converted element name(s) from "A[4..0]" to "A4..0"
Warning (275080): Converted elements in bus name "B" using legacy naming rules. Make any assignments on the new names, not on the original names.
    Warning (275081): Converted element name(s) from "B[4..0]" to "B4..0"
    Warning (275081): Converted element name(s) from "B[4..0]" to "B4..0"
Info (12128): Elaborating entity "Decodificador" for hierarchy "Decodificador:inst6"
Info (12128): Elaborating entity "projBase2" for hierarchy "projBase2:inst"
Info (12128): Elaborating entity "projBase" for hierarchy "projBase2:inst|projBase:inst27"
Info (12128): Elaborating entity "SomadorCompleto" for hierarchy "projBase2:inst|projBase:inst27|SomadorCompleto:inst1"
Info (12128): Elaborating entity "MuxParaCompOuBin" for hierarchy "projBase2:inst|projBase:inst27|SomadorCompleto:inst1|MuxParaCompOuBin:inst4"
Info (12128): Elaborating entity "SomaBitsComSinalComp" for hierarchy "projBase2:inst|projBase:inst27|SomadorCompleto:inst1|SomaBitsComSinalComp:inst"
Info (12128): Elaborating entity "SomaUmBit" for hierarchy "projBase2:inst|projBase:inst27|SomadorCompleto:inst1|SomaBitsComSinalComp:inst|SomaUmBit:SomaBit5"
Info (12128): Elaborating entity "AnalisadorDoZeroPara4BitsESinal" for hierarchy "projBase2:inst|projBase:inst27|SomadorCompleto:inst1|AnalisadorDoZeroPara4BitsESinal:inst2"
Info (12128): Elaborating entity "TransformaVetorDe4Para5Bits" for hierarchy "projBase2:inst|projBase:inst27|SomadorCompleto:inst1|TransformaVetorDe4Para5Bits:inst8"
Info (12128): Elaborating entity "Complemento2Para5Bits" for hierarchy "projBase2:inst|projBase:inst27|SomadorCompleto:inst1|Complemento2Para5Bits:inst13"
Info (12128): Elaborating entity "SubtratorCompleto" for hierarchy "projBase2:inst|projBase:inst27|SubtratorCompleto:inst2"
Info (12128): Elaborating entity "NegadorDeSinalPara5Bits" for hierarchy "projBase2:inst|projBase:inst27|SubtratorCompleto:inst2|NegadorDeSinalPara5Bits:inst5"
Info (12128): Elaborating entity "Complemento2DeB" for hierarchy "projBase2:inst|projBase:inst27|Complemento2DeB:inst3"
Info (12128): Elaborating entity "igual" for hierarchy "projBase2:inst|projBase:inst27|igual:inst4"
Info (12128): Elaborating entity "isZero" for hierarchy "projBase2:inst|projBase:inst27|igual:inst4|isZero:inst8"
Info (12128): Elaborating entity "comparadorBasico" for hierarchy "projBase2:inst|projBase:inst27|igual:inst4|comparadorBasico:inst11"
Info (12128): Elaborating entity "maior" for hierarchy "projBase2:inst|projBase:inst27|maior:inst5"
Info (12128): Elaborating entity "menor" for hierarchy "projBase2:inst|projBase:inst27|maior:inst5|menor:inst"
Info (12128): Elaborating entity "maiorModulo" for hierarchy "projBase2:inst|projBase:inst27|maior:inst5|menor:inst|maiorModulo:inst2"
Info (12128): Elaborating entity "menorModulo" for hierarchy "projBase2:inst|projBase:inst27|maior:inst5|menor:inst|menorModulo:inst3"
Info (12128): Elaborating entity "A_and_B" for hierarchy "projBase2:inst|projBase:inst27|A_and_B:inst7"
Info (12128): Elaborating entity "A_xor_B" for hierarchy "projBase2:inst|projBase:inst27|A_xor_B:inst8"
Info (12128): Elaborating entity "DecodificadorAB" for hierarchy "DecodificadorAB:inst7"
Info (286030): Timing-Driven Synthesis is running
Info (16010): Generating hard_block partition "hard_block:auto_generated_inst"
    Info (16011): Adding 0 node(s), including 0 DDIO, 0 PLL, 0 transceiver and 0 LCELL
Info (21057): Implemented 209 device resources after synthesis - the final resource count might be different
    Info (21058): Implemented 13 input pins
    Info (21059): Implemented 41 output pins
    Info (21061): Implemented 155 logic cells
Info: Quartus Prime Analysis & Synthesis was successful. 0 errors, 9 warnings
    Info: Peak virtual memory: 4757 megabytes
    Info: Processing ended: Fri Feb 10 10:57:21 2023
    Info: Elapsed time: 00:00:12
    Info: Total CPU time (on all processors): 00:00:23


